2023-10-05 14:53:33,734 [Worker-6: Loading available Gradle versions] INFO  o.e.b.c.i.u.g.PublishedGradleVersions - Gradle version information cache is up-to-date. Trying to read.
2023-10-06 10:29:50,134 [Worker-9: Loading available Gradle versions] INFO  o.e.b.c.i.u.g.PublishedGradleVersions - Gradle version information cache is up-to-date. Trying to read.
2023-10-06 14:25:10,953 [Worker-7: Loading available Gradle versions] INFO  o.e.b.c.i.u.g.PublishedGradleVersions - Gradle version information cache is out-of-date. Trying to update.
2023-10-09 10:12:03,824 [Worker-4: Loading available Gradle versions] INFO  o.e.b.c.i.u.g.PublishedGradleVersions - Gradle version information cache is out-of-date. Trying to update.
2023-10-09 14:12:10,627 [Worker-4: Loading available Gradle versions] INFO  o.e.b.c.i.u.g.PublishedGradleVersions - Gradle version information cache is up-to-date. Trying to read.
2023-10-09 14:35:37,730 [Worker-15: Push to Vodaphone-java-0510 - origin] INFO  o.e.jgit.transport.TransportHttp - URI 'http://github.com/suhvishalp/voda-0510-java-basics-02.git': following HTTP redirect #0  http://github.com/suhvishalp/voda-0510-java-basics-02.git/ -> https://github.com/suhvishalp/voda-0510-java-basics-02.git/
2023-10-09 14:38:59,808 [Worker-32: Push to Vodaphone-java-0510 refs/heads/main - origin] INFO  o.e.jgit.transport.TransportHttp - URI 'http://github.com/suhvishalp/voda-0510-java-basics-02.git': following HTTP redirect #0  http://github.com/suhvishalp/voda-0510-java-basics-02.git/ -> https://github.com/suhvishalp/voda-0510-java-basics-02.git/
2023-10-09 14:41:52,242 [Worker-32: Push to Vodaphone-java-0510 - origin] INFO  o.e.jgit.transport.TransportHttp - URI 'http://github.com/suhvishalp/voda-0510-java-basics-02.git': following HTTP redirect #0  http://github.com/suhvishalp/voda-0510-java-basics-02.git/ -> https://github.com/suhvishalp/voda-0510-java-basics-02.git/
2023-10-09 14:48:39,756 [Worker-2: Loading available Gradle versions] INFO  o.e.b.c.i.u.g.PublishedGradleVersions - Gradle version information cache is up-to-date. Trying to read.
2023-10-09 14:49:46,154 [Worker-11: Push to Vodaphone-java-0510 - origin] INFO  o.e.jgit.transport.TransportHttp - URI 'http://github.com/suhvishalp/voda-0510-java-basics-02.git': following HTTP redirect #0  http://github.com/suhvishalp/voda-0510-java-basics-02.git/ -> https://github.com/suhvishalp/voda-0510-java-basics-02.git/
2023-10-09 14:52:44,637 [ModalContext] WARN  org.eclipse.jgit.lib.Repository - close() called when useCnt is already zero for Repository[/Users/vishalshah/git/voda-0105-java-basics-assignment-01/.git]
2023-10-09 14:53:16,959 [Worker-0: Push to Vodaphone-java-0510 refs/heads/main - origin] INFO  o.e.jgit.transport.TransportHttp - URI 'http://github.com/suhvishalp/voda-0510-java-basics-02.git': following HTTP redirect #0  http://github.com/suhvishalp/voda-0510-java-basics-02.git/ -> https://github.com/suhvishalp/voda-0510-java-basics-02.git/
2023-10-09 15:35:01,609 [Worker-7: Loading available Gradle versions] INFO  o.e.b.c.i.u.g.PublishedGradleVersions - Gradle version information cache is up-to-date. Trying to read.
2023-10-10 10:16:55,847 [Worker-8: Loading available Gradle versions] INFO  o.e.b.c.i.u.g.PublishedGradleVersions - Gradle version information cache is out-of-date. Trying to update.
2023-10-10 10:17:31,796 [Worker-6: Loading available Gradle versions] INFO  o.e.b.c.i.u.g.PublishedGradleVersions - Gradle version information cache is up-to-date. Trying to read.
2023-10-11 10:13:48,038 [Worker-9: Loading available Gradle versions] INFO  o.e.b.c.i.u.g.PublishedGradleVersions - Gradle version information cache is up-to-date. Trying to read.
2023-10-11 10:56:43,327 [Worker-7: Loading available Gradle versions] INFO  o.e.b.c.i.u.g.PublishedGradleVersions - Gradle version information cache is out-of-date. Trying to update.
2023-10-11 14:41:51,475 [Worker-25: Update Maven projects configuration] INFO  o.e.m.c.i.p.ProjectConfigurationManager - Update started
2023-10-11 14:41:53,093 [Worker-25: Update Maven projects configuration] INFO  o.e.m.c.i.l.LifecycleMappingFactory - Using org.eclipse.m2e.jdt.JarLifecycleMapping lifecycle mapping for MavenProject: groupId:voda-0510-java-basics-02:1.0-SNAPSHOT @ /Users/vishalshah/git/voda-0510-java-basics-03/pom.xml.
2023-10-11 14:41:53,702 [Worker-25: Update Maven projects configuration] INFO  o.e.m.j.i.AbstractJavaProjectConfigurator - Adding source folder /voda-0510-java-basics-03/src/main/java
2023-10-11 14:41:53,703 [Worker-25: Update Maven projects configuration] INFO  o.e.m.j.i.AbstractJavaProjectConfigurator - Adding source folder /voda-0510-java-basics-03/src/test/java
2023-10-11 14:41:54,195 [Worker-25: Update Maven projects configuration] INFO  o.e.m.c.i.p.ProjectConfigurationManager - Update completed for 1 poms: local refresh takes 0.00 sec, refresh facades takes 1.00 sec, update config takes 0.00 sec 
2023-10-11 14:41:54,360 [Worker-26: Building] INFO  o.e.m.c.i.embedder.EclipseLogger - Using 'UTF-8' encoding to copy filtered resources.
2023-10-11 14:41:54,360 [Worker-26: Building] INFO  o.e.m.c.i.embedder.EclipseLogger - skip non existing resourceDirectory /Users/vishalshah/git/voda-0510-java-basics-03/src/main/resources
2023-10-11 14:41:54,367 [Worker-26: Building] INFO  o.e.m.c.i.embedder.EclipseLogger - Using 'UTF-8' encoding to copy filtered resources.
2023-10-11 14:41:54,367 [Worker-26: Building] INFO  o.e.m.c.i.embedder.EclipseLogger - skip non existing resourceDirectory /Users/vishalshah/git/voda-0510-java-basics-03/src/test/resources
2023-10-11 14:42:04,195 [Worker-25: Building Project voda-0510-java-basics-03] INFO  o.e.m.c.i.embedder.EclipseLogger - Using 'UTF-8' encoding to copy filtered resources.
2023-10-11 14:42:04,198 [Worker-25: Building Project voda-0510-java-basics-03] INFO  o.e.m.c.i.embedder.EclipseLogger - skip non existing resourceDirectory /Users/vishalshah/git/voda-0510-java-basics-03/src/main/resources
2023-10-11 14:42:04,200 [Worker-25: Building Project voda-0510-java-basics-03] INFO  o.e.m.c.i.embedder.EclipseLogger - Using 'UTF-8' encoding to copy filtered resources.
2023-10-11 14:42:04,200 [Worker-25: Building Project voda-0510-java-basics-03] INFO  o.e.m.c.i.embedder.EclipseLogger - skip non existing resourceDirectory /Users/vishalshah/git/voda-0510-java-basics-03/src/test/resources
2023-10-11 14:42:08,256 [Worker-24: Building] INFO  o.e.m.c.i.embedder.EclipseLogger - Using 'UTF-8' encoding to copy filtered resources.
2023-10-11 14:42:08,256 [Worker-24: Building] INFO  o.e.m.c.i.embedder.EclipseLogger - skip non existing resourceDirectory /Users/vishalshah/git/voda-0510-java-basics-03/src/main/resources
2023-10-11 14:42:08,259 [Worker-24: Building] INFO  o.e.m.c.i.embedder.EclipseLogger - Using 'UTF-8' encoding to copy filtered resources.
2023-10-11 14:42:08,259 [Worker-24: Building] INFO  o.e.m.c.i.embedder.EclipseLogger - skip non existing resourceDirectory /Users/vishalshah/git/voda-0510-java-basics-03/src/test/resources
2023-10-12 10:13:07,565 [Worker-7: Loading available Gradle versions] INFO  o.e.b.c.i.u.g.PublishedGradleVersions - Gradle version information cache is up-to-date. Trying to read.
2023-10-13 10:21:14,599 [Worker-7: Loading available Gradle versions] INFO  o.e.b.c.i.u.g.PublishedGradleVersions - Gradle version information cache is up-to-date. Trying to read.
2023-10-13 14:45:53,040 [Worker-4: Loading available Gradle versions] INFO  o.e.b.c.i.u.g.PublishedGradleVersions - Gradle version information cache is up-to-date. Trying to read.
2023-10-16 10:53:03,579 [Worker-4: Loading available Gradle versions] INFO  o.e.b.c.i.u.g.PublishedGradleVersions - Gradle version information cache is out-of-date. Trying to update.
2023-10-17 09:25:40,529 [Worker-7: Loading available Gradle versions] INFO  o.e.b.c.i.u.g.PublishedGradleVersions - Gradle version information cache is up-to-date. Trying to read.
